<?xml version="1.0" encoding="UTF-8"?>
<testng-results ignored="0" total="1" passed="1" failed="0" skipped="0">
  <reporter-output>
  </reporter-output>
  <suite started-at="2022-07-20T18:30:27 IST" name="Default suite" finished-at="2022-07-20T18:32:07 IST" duration-ms="100536">
    <groups>
    </groups>
    <test started-at="2022-07-20T18:30:27 IST" name="Default test" finished-at="2022-07-20T18:32:07 IST" duration-ms="100536">
      <class name="com.resources.qa.testcases.FilterResourcesTest">
        <test-method is-config="true" signature="setUp()[pri:0, instance:com.resources.qa.testcases.FilterResourcesTest@49912c99]" started-at="2022-07-20T18:30:27 IST" name="setUp" finished-at="2022-07-20T18:30:37 IST" duration-ms="10148" status="PASS">
          <reporter-output>
          </reporter-output>
        </test-method> <!-- setUp -->
        <test-method signature="tileValidationCheck()[pri:5, instance:com.resources.qa.testcases.FilterResourcesTest@49912c99]" started-at="2022-07-20T18:30:37 IST" name="tileValidationCheck" finished-at="2022-07-20T18:32:07 IST" duration-ms="90319" status="PASS">
          <reporter-output>
          </reporter-output>
        </test-method> <!-- tileValidationCheck -->
      </class> <!-- com.resources.qa.testcases.FilterResourcesTest -->
    </test> <!-- Default test -->
  </suite> <!-- Default suite -->
</testng-results>
