<?xml version="1.0" encoding="UTF-8"?>
<!-- Generated by org.testng.reporters.JUnitXMLReporter -->
<testsuite ignored="0" hostname="HDLCAMPUS2237" failures="0" tests="5" name="Resources Automation Testcases" time="36.522" errors="0" timestamp="2022-07-13T19:01:01 IST">
  <testcase classname="com.resources.qa.testcases.FilterResourcesTest" name="filterResourcePageTitleTest" time="0.054"/>
  <testcase classname="com.resources.qa.testcases.HomePageTest" name="homePageTitleTest" time="0.101"/>
  <testcase classname="com.resources.qa.testcases.HomePageTest" name="searchResourcesTest" time="2.687"/>
  <testcase classname="com.resources.qa.testcases.HomePageTest" name="filterResourcestab" time="2.159"/>
  <testcase classname="com.resources.qa.testcases.HomePageTest" name="Nanjinggtailtest" time="1.132"/>
</testsuite> <!-- Resources Automation Testcases -->
